21:20:57 [INFO] Starting Ampdeck
21:20:57 [INFO] Loaded config file: Config { music_directory: "/home/jesse/ampdeck/tracks" }
21:20:57 [INFO] Loaded 13 tracks from /home/jesse/ampdeck/tracks
21:21:01 [INFO] found the format marker [49, 44, 33] @ 0+2 bytes.
21:21:01 [INFO] found the format marker [ff, fb] @ 1715+628 bytes.
21:21:01 [INFO] estimating duration from bitrate, may be inaccurate for vbr files
21:21:01 [INFO] Started playing: /home/jesse/ampdeck/tracks/(Punaany Riddim)Vybez Cartel -.mp3
21:21:02 [ERROR] Failed to decode audio file: /home/jesse/ampdeck/tracks/000_01 Augustus Pablo _ Rockers Rock.mp3
21:21:03 [INFO] found the format marker [49, 44, 33] @ 0+2 bytes.
21:21:03 [INFO] found the format marker [ff, fb] @ 585+2 bytes.
21:21:03 [INFO] estimating duration from bitrate, may be inaccurate for vbr files
21:21:03 [INFO] Started playing: /home/jesse/ampdeck/tracks/03 (12 inch) Wayne Jarrett & Silver.mp3
21:21:04 [INFO] found the format marker [49, 44, 33] @ 0+2 bytes.
21:21:04 [INFO] found the format marker [ff, fb] @ 1586+2 bytes.
21:21:04 [INFO] estimating duration from bitrate, may be inaccurate for vbr files
21:21:04 [INFO] Started playing: /home/jesse/ampdeck/tracks/03 Joy In The Morning 1.mp3
21:21:05 [INFO] found the format marker [49, 44, 33] @ 0+2 bytes.
21:21:05 [INFO] found the format marker [ff, fb] @ 2048+2 bytes.
21:21:05 [INFO] estimating duration from bitrate, may be inaccurate for vbr files
21:21:05 [INFO] Started playing: /home/jesse/ampdeck/tracks/03 Rudeboyz Waltz.mp3
21:21:06 [INFO] found the format marker [49, 44, 33] @ 0+2 bytes.
21:21:06 [INFO] found the format marker [ff, fb] @ 16097+2 bytes.
21:21:06 [INFO] estimating duration from bitrate, may be inaccurate for vbr files
21:21:06 [INFO] Started playing: /home/jesse/ampdeck/tracks/07 It Pays.mp3
21:21:07 [INFO] Started playing: /home/jesse/ampdeck/tracks/Alton Ellis - Randy's Superstar Singers - Too Late to Turn Back Now.flac
21:21:14 [INFO] found the format marker [49, 44, 33] @ 0+2 bytes.
21:21:14 [INFO] found the format marker [ff, fb] @ 1920+2 bytes.
21:21:14 [INFO] using xing header for duration
21:21:14 [INFO] Started playing: /home/jesse/ampdeck/tracks/Intoxication (drop leaf riddim).mp3
21:21:16 [INFO] found the format marker [ff, fb] @ 0+112 bytes.
21:21:16 [INFO] estimating duration from bitrate, may be inaccurate for vbr files
21:21:16 [WARN] mpa: invalid main_data_begin, underflow by 424 bytes
21:21:16 [INFO] Started playing: /home/jesse/ampdeck/tracks/KUAA_259973_3a297b82-12be-4a76-a682-dd8c0e3575dd.mp3
21:21:17 [INFO] found the format marker [49, 44, 33] @ 0+2 bytes.
21:21:17 [INFO] found the format marker [ff, fb] @ 1024+2 bytes.
21:21:17 [INFO] estimating duration from bitrate, may be inaccurate for vbr files
21:21:17 [INFO] Started playing: /home/jesse/ampdeck/tracks/SERIOUS THING 1.mp3
21:21:20 [INFO] found the format marker [ff, fb] @ 0+112 bytes.
21:21:20 [INFO] estimating duration from bitrate, may be inaccurate for vbr files
21:21:20 [WARN] mpa: invalid main_data_begin, underflow by 424 bytes
21:21:20 [INFO] Started playing: /home/jesse/ampdeck/tracks/KUAA_259973_3a297b82-12be-4a76-a682-dd8c0e3575dd.mp3
21:21:21 [INFO] found the format marker [49, 44, 33] @ 0+2 bytes.
21:21:21 [INFO] found the format marker [ff, fb] @ 1920+2 bytes.
21:21:21 [INFO] using xing header for duration
21:21:21 [INFO] Started playing: /home/jesse/ampdeck/tracks/Intoxication (drop leaf riddim).mp3
21:21:22 [INFO] Started playing: /home/jesse/ampdeck/tracks/Alton Ellis - Randy's Superstar Singers - Too Late to Turn Back Now.flac
21:21:23 [INFO] found the format marker [49, 44, 33] @ 0+2 bytes.
21:21:23 [INFO] found the format marker [ff, fb] @ 16097+2 bytes.
21:21:23 [INFO] estimating duration from bitrate, may be inaccurate for vbr files
21:21:23 [INFO] Started playing: /home/jesse/ampdeck/tracks/07 It Pays.mp3
21:21:24 [INFO] found the format marker [49, 44, 33] @ 0+2 bytes.
21:21:24 [INFO] found the format marker [ff, fb] @ 2048+2 bytes.
21:21:24 [INFO] estimating duration from bitrate, may be inaccurate for vbr files
21:21:24 [INFO] Started playing: /home/jesse/ampdeck/tracks/03 Rudeboyz Waltz.mp3
21:21:25 [INFO] found the format marker [49, 44, 33] @ 0+2 bytes.
21:21:25 [INFO] found the format marker [ff, fb] @ 1586+2 bytes.
21:21:25 [INFO] estimating duration from bitrate, may be inaccurate for vbr files
21:21:25 [INFO] Started playing: /home/jesse/ampdeck/tracks/03 Joy In The Morning 1.mp3
21:21:26 [INFO] found the format marker [49, 44, 33] @ 0+2 bytes.
21:21:26 [INFO] found the format marker [ff, fb] @ 585+2 bytes.
21:21:26 [INFO] estimating duration from bitrate, may be inaccurate for vbr files
21:21:26 [INFO] Started playing: /home/jesse/ampdeck/tracks/03 (12 inch) Wayne Jarrett & Silver.mp3
21:21:27 [ERROR] Failed to decode audio file: /home/jesse/ampdeck/tracks/000_01 Augustus Pablo _ Rockers Rock.mp3
21:21:28 [INFO] found the format marker [49, 44, 33] @ 0+2 bytes.
21:21:28 [INFO] found the format marker [ff, fb] @ 1715+628 bytes.
21:21:28 [INFO] estimating duration from bitrate, may be inaccurate for vbr files
21:21:28 [INFO] Started playing: /home/jesse/ampdeck/tracks/(Punaany Riddim)Vybez Cartel -.mp3
21:21:29 [INFO] found the format marker [ff, fb] @ 0+2 bytes.
21:21:29 [INFO] estimating duration from bitrate, may be inaccurate for vbr files
21:21:29 [INFO] Started playing: /home/jesse/ampdeck/tracks/dk14 - Rude Boy Train.mp3
21:21:30 [INFO] found the format marker [49, 44, 33] @ 0+2 bytes.
21:21:30 [INFO] unsupported frame GEOB
21:21:30 [INFO] found the format marker [ff, fb] @ 2129+2 bytes.
21:21:30 [INFO] estimating duration from bitrate, may be inaccurate for vbr files
21:21:30 [INFO] Started playing: /home/jesse/ampdeck/tracks/_Step_Out__Rmx_.mp3
21:21:31 [INFO] Started playing: /home/jesse/ampdeck/tracks/The Frightnrs - Inna Lovers Quarrel - Sharon.flac
21:21:32 [INFO] found the format marker [49, 44, 33] @ 0+2 bytes.
21:21:32 [INFO] found the format marker [ff, fb] @ 1024+2 bytes.
21:21:32 [INFO] estimating duration from bitrate, may be inaccurate for vbr files
21:21:32 [INFO] Started playing: /home/jesse/ampdeck/tracks/SERIOUS THING 1.mp3
21:21:34 [INFO] found the format marker [ff, fb] @ 0+112 bytes.
21:21:34 [INFO] estimating duration from bitrate, may be inaccurate for vbr files
21:21:34 [WARN] mpa: invalid main_data_begin, underflow by 424 bytes
21:21:34 [INFO] Started playing: /home/jesse/ampdeck/tracks/KUAA_259973_3a297b82-12be-4a76-a682-dd8c0e3575dd.mp3
21:21:35 [INFO] found the format marker [49, 44, 33] @ 0+2 bytes.
21:21:35 [INFO] found the format marker [ff, fb] @ 1920+2 bytes.
21:21:35 [INFO] using xing header for duration
21:21:35 [INFO] Started playing: /home/jesse/ampdeck/tracks/Intoxication (drop leaf riddim).mp3
21:21:36 [INFO] Started playing: /home/jesse/ampdeck/tracks/Alton Ellis - Randy's Superstar Singers - Too Late to Turn Back Now.flac
